05-Aug-2015__12_00_04PM devpinoyLogger Hello
05-Aug-2015__12_00_04PM devpinoyLogger -------- Oracle JDBC Connection . Connecting to Oracle database------
05-Aug-2015__12_00_06PM devpinoyLogger Connection to the Database was successful
05-Aug-2015__12_00_06PM devpinoyLogger Properties loaded. Starting testing
05-Aug-2015__12_00_06PM devpinoyLogger Initialize Suite xlsx
05-Aug-2015__12_00_07PM devpinoyLogger Login_Test_Suite -- N
05-Aug-2015__12_00_07PM devpinoyLogger Department_Test_Suite -- Y
05-Aug-2015__12_00_07PM devpinoyLogger ******Executing the Suite******Department_Test_Suite
05-Aug-2015__12_00_07PM devpinoyLogger Blank_Department_Test -- N
05-Aug-2015__12_00_07PM devpinoyLogger Add_Del_Department_Test -- Y
05-Aug-2015__12_00_07PM devpinoyLogger Executing the test case -> Add_Del_Department_Test
05-Aug-2015__12_00_07PM devpinoyLogger Iteration number 1
05-Aug-2015__12_00_07PM devpinoyLogger openBrowser
05-Aug-2015__12_00_07PM devpinoyLogger Opening browser
05-Aug-2015__12_00_23PM devpinoyLogger PASS
05-Aug-2015__12_00_23PM devpinoyLogger loginToRMApplication
05-Aug-2015__12_00_38PM devpinoyLogger Logging in to the Application
05-Aug-2015__12_01_07PM devpinoyLogger PASS
05-Aug-2015__12_01_07PM devpinoyLogger clickLink
05-Aug-2015__12_01_07PM devpinoyLogger Clicking on link 
05-Aug-2015__12_01_59PM devpinoyLogger PASS
05-Aug-2015__12_01_59PM devpinoyLogger clickLink
05-Aug-2015__12_01_59PM devpinoyLogger Clicking on link 
05-Aug-2015__12_02_14PM devpinoyLogger PASS
05-Aug-2015__12_02_14PM devpinoyLogger verifyPageNavigation
05-Aug-2015__12_02_14PM devpinoyLogger Verifying whether the navigation was successful
05-Aug-2015__12_02_14PM devpinoyLogger Test to check that the user is not taken to another page
05-Aug-2015__12_02_14PM devpinoyLogger PASS
05-Aug-2015__12_02_14PM devpinoyLogger delete_record_if_already_present
05-Aug-2015__12_02_14PM devpinoyLogger Verifying that the record is present in the db table or not
05-Aug-2015__12_02_14PM devpinoyLogger Waiting for invisibilty of Ajax Loader
05-Aug-2015__12_02_14PM devpinoyLogger Ajax Loader gone
05-Aug-2015__12_02_15PM devpinoyLogger Running the Prepared Statement
05-Aug-2015__12_02_16PM devpinoyLogger The result of data in db after adding the data is 0
05-Aug-2015__12_02_16PM devpinoyLogger The record is not present in the db table - DEPARTMENT
05-Aug-2015__12_02_16PM devpinoyLogger Verifying that the record is present in the web table or not
05-Aug-2015__12_02_16PM devpinoyLogger Waiting for invisibilty of Ajax Loader
05-Aug-2015__12_02_16PM devpinoyLogger Ajax Loader gone
05-Aug-2015__12_02_36PM devpinoyLogger delete_record_if_already_present method finished
05-Aug-2015__12_02_36PM devpinoyLogger PASS
05-Aug-2015__12_02_36PM devpinoyLogger waitForElementInVisibilityinWebTable
05-Aug-2015__12_02_36PM devpinoyLogger Waiting for an element to be invisible
05-Aug-2015__12_02_36PM devpinoyLogger PASS
05-Aug-2015__12_02_36PM devpinoyLogger verify_department_count
05-Aug-2015__12_02_36PM devpinoyLogger Waiting for invisibilty of Ajax Loader
05-Aug-2015__12_02_36PM devpinoyLogger Ajax Loader gone
05-Aug-2015__12_02_36PM devpinoyLogger The DEPARTMENT count in the Database = 54 and the count on the Web Page = 54. The count is matching.
05-Aug-2015__12_02_36PM devpinoyLogger PASS
05-Aug-2015__12_02_36PM devpinoyLogger writeInInput
05-Aug-2015__12_02_36PM devpinoyLogger Writing in text box
05-Aug-2015__12_02_37PM devpinoyLogger PASS
05-Aug-2015__12_02_37PM devpinoyLogger clickButton
05-Aug-2015__12_02_37PM devpinoyLogger Clicking on Button
05-Aug-2015__12_02_37PM devpinoyLogger PASS
05-Aug-2015__12_02_37PM devpinoyLogger waitForElementVisibilityinWebTable
05-Aug-2015__12_02_37PM devpinoyLogger Waiting for invisibilty of Ajax Loader
05-Aug-2015__12_02_50PM devpinoyLogger Ajax Loader gone
05-Aug-2015__12_02_50PM devpinoyLogger Waiting for an element to be visible
05-Aug-2015__12_02_50PM devpinoyLogger PASS
05-Aug-2015__12_02_50PM devpinoyLogger verify_department_count
05-Aug-2015__12_02_50PM devpinoyLogger Waiting for invisibilty of Ajax Loader
05-Aug-2015__12_02_50PM devpinoyLogger Ajax Loader gone
05-Aug-2015__12_02_50PM devpinoyLogger The DEPARTMENT count in the Database = 55 and the count on the Web Page = 55. The count is matching.
05-Aug-2015__12_02_50PM devpinoyLogger PASS
05-Aug-2015__12_02_50PM devpinoyLogger verify_data_found_into_database
05-Aug-2015__12_02_50PM devpinoyLogger Verifying that the record is present in the db table or not
05-Aug-2015__12_02_50PM devpinoyLogger Waiting for invisibilty of Ajax Loader
05-Aug-2015__12_02_50PM devpinoyLogger Ajax Loader gone
05-Aug-2015__12_02_51PM devpinoyLogger Running the Prepared Statement
05-Aug-2015__12_02_52PM devpinoyLogger The result of data in db after adding the data is 1
05-Aug-2015__12_02_52PM devpinoyLogger The record is present in the db table - DEPARTMENT
05-Aug-2015__12_02_52PM devpinoyLogger PASS
05-Aug-2015__12_02_52PM devpinoyLogger confirm_delete_record
05-Aug-2015__12_02_52PM devpinoyLogger Waiting for invisibilty of Ajax Loader
05-Aug-2015__12_02_53PM devpinoyLogger Ajax Loader gone
05-Aug-2015__12_02_53PM devpinoyLogger The record successfully deleted
05-Aug-2015__12_02_53PM devpinoyLogger PASS
05-Aug-2015__12_02_53PM devpinoyLogger verify_data_deleted_from_database
05-Aug-2015__12_02_53PM devpinoyLogger Verifying that the record is deleted from the db table or not
05-Aug-2015__12_02_53PM devpinoyLogger Waiting for invisibilty of Ajax Loader
05-Aug-2015__12_02_53PM devpinoyLogger Ajax Loader gone
05-Aug-2015__12_03_03PM devpinoyLogger Running the Prepared Statement
05-Aug-2015__12_03_03PM devpinoyLogger The record was also found to be deleted from the db table - DEPARTMENT
05-Aug-2015__12_03_03PM devpinoyLogger PASS
05-Aug-2015__12_03_03PM devpinoyLogger logoutApplication
05-Aug-2015__12_03_03PM devpinoyLogger Logging out of the Application
05-Aug-2015__12_03_03PM devpinoyLogger PASS
05-Aug-2015__12_03_06PM devpinoyLogger Edit_Department_Test -- N
