07-Aug-2015__09_20_32AM devpinoyLogger Hello
07-Aug-2015__09_20_32AM devpinoyLogger -------- Oracle JDBC Connection . Connecting to Oracle database------
07-Aug-2015__09_20_34AM devpinoyLogger Connection to the Database was successful
07-Aug-2015__09_20_34AM devpinoyLogger Properties loaded. Starting testing
07-Aug-2015__09_20_34AM devpinoyLogger Initialize Suite xlsx
07-Aug-2015__09_20_35AM devpinoyLogger Login_Test_Suite -- N
07-Aug-2015__09_20_35AM devpinoyLogger Department_Test_Suite -- Y
07-Aug-2015__09_20_35AM devpinoyLogger ******Executing the Suite******Department_Test_Suite
07-Aug-2015__09_20_36AM devpinoyLogger Blank_Department_Test -- N
07-Aug-2015__09_20_36AM devpinoyLogger Add_Del_Department_Test -- Y
07-Aug-2015__09_20_36AM devpinoyLogger Executing the test case -> Add_Del_Department_Test
07-Aug-2015__09_20_36AM devpinoyLogger Iteration number 1
07-Aug-2015__09_20_36AM devpinoyLogger openBrowser
07-Aug-2015__09_20_36AM devpinoyLogger Opening browser
07-Aug-2015__09_20_50AM devpinoyLogger PASS
07-Aug-2015__09_20_50AM devpinoyLogger loginToRMApplication
07-Aug-2015__09_21_06AM devpinoyLogger Logging in to the Application
07-Aug-2015__09_21_32AM devpinoyLogger PASS
07-Aug-2015__09_21_32AM devpinoyLogger clickLink
07-Aug-2015__09_21_32AM devpinoyLogger Clicking on link 
07-Aug-2015__09_21_57AM devpinoyLogger PASS
07-Aug-2015__09_21_57AM devpinoyLogger clickLink
07-Aug-2015__09_21_57AM devpinoyLogger Clicking on link 
07-Aug-2015__09_22_08AM devpinoyLogger PASS
07-Aug-2015__09_22_08AM devpinoyLogger verifyPageNavigation
07-Aug-2015__09_22_08AM devpinoyLogger Verifying whether the navigation was successful
07-Aug-2015__09_22_08AM devpinoyLogger Test to check that the user is not taken to another page
07-Aug-2015__09_22_08AM devpinoyLogger PASS
07-Aug-2015__09_22_08AM devpinoyLogger delete_record_if_already_present
07-Aug-2015__09_22_08AM devpinoyLogger Verifying that the record is present in the db table or not
07-Aug-2015__09_22_08AM devpinoyLogger Waiting for invisibilty of Ajax Loader
07-Aug-2015__09_22_08AM devpinoyLogger Ajax Loader gone
07-Aug-2015__09_22_09AM devpinoyLogger Running the Prepared Statement
07-Aug-2015__09_22_09AM devpinoyLogger The result of data in db after adding the data is 0
07-Aug-2015__09_22_09AM devpinoyLogger The record is not present in the db table - DEPARTMENT
07-Aug-2015__09_22_09AM devpinoyLogger Verifying that the record is present in the web table or not
07-Aug-2015__09_22_09AM devpinoyLogger Waiting for invisibilty of Ajax Loader
07-Aug-2015__09_22_09AM devpinoyLogger Ajax Loader gone
07-Aug-2015__09_22_30AM devpinoyLogger delete_record_if_already_present method finished
07-Aug-2015__09_22_30AM devpinoyLogger PASS
07-Aug-2015__09_22_30AM devpinoyLogger waitForElementInVisibilityinWebTable
07-Aug-2015__09_22_30AM devpinoyLogger Waiting for an element to be invisible
07-Aug-2015__09_22_30AM devpinoyLogger PASS
07-Aug-2015__09_22_30AM devpinoyLogger verify_department_count
07-Aug-2015__09_22_30AM devpinoyLogger Waiting for invisibilty of Ajax Loader
07-Aug-2015__09_22_30AM devpinoyLogger Ajax Loader gone
07-Aug-2015__09_22_30AM devpinoyLogger The DEPARTMENT count in the Database = 55 and the count on the Web Page = 55. The count is matching.
07-Aug-2015__09_22_30AM devpinoyLogger PASS
07-Aug-2015__09_22_30AM devpinoyLogger writeInInput
07-Aug-2015__09_22_30AM devpinoyLogger Writing in text box
07-Aug-2015__09_22_30AM devpinoyLogger PASS
07-Aug-2015__09_22_30AM devpinoyLogger clickButton
07-Aug-2015__09_22_30AM devpinoyLogger Clicking on Button
07-Aug-2015__09_22_31AM devpinoyLogger PASS
07-Aug-2015__09_22_31AM devpinoyLogger waitForElementVisibilityinWebTable
07-Aug-2015__09_22_31AM devpinoyLogger Waiting for invisibilty of Ajax Loader
07-Aug-2015__09_22_37AM devpinoyLogger Ajax Loader gone
07-Aug-2015__09_22_37AM devpinoyLogger Waiting for an element to be visible
07-Aug-2015__09_22_37AM devpinoyLogger PASS
07-Aug-2015__09_22_37AM devpinoyLogger verify_department_count
07-Aug-2015__09_22_37AM devpinoyLogger Waiting for invisibilty of Ajax Loader
07-Aug-2015__09_22_37AM devpinoyLogger Ajax Loader gone
07-Aug-2015__09_22_38AM devpinoyLogger The DEPARTMENT count in the Database = 56 and the count on the Web Page = 56. The count is matching.
07-Aug-2015__09_22_38AM devpinoyLogger PASS
07-Aug-2015__09_22_38AM devpinoyLogger verify_data_found_into_database
07-Aug-2015__09_22_38AM devpinoyLogger Verifying that the record is present in the db table or not
07-Aug-2015__09_22_38AM devpinoyLogger Waiting for invisibilty of Ajax Loader
07-Aug-2015__09_22_38AM devpinoyLogger Ajax Loader gone
07-Aug-2015__09_22_39AM devpinoyLogger Running the Prepared Statement
07-Aug-2015__09_22_39AM devpinoyLogger The result of data in db after adding the data is 1
07-Aug-2015__09_22_39AM devpinoyLogger The record is present in the db table - DEPARTMENT
07-Aug-2015__09_22_39AM devpinoyLogger PASS
07-Aug-2015__09_22_39AM devpinoyLogger confirm_delete_record
07-Aug-2015__09_22_40AM devpinoyLogger Waiting for invisibilty of Ajax Loader
07-Aug-2015__09_22_45AM devpinoyLogger Ajax Loader gone
07-Aug-2015__09_22_45AM devpinoyLogger The record successfully deleted
07-Aug-2015__09_22_45AM devpinoyLogger PASS
07-Aug-2015__09_22_45AM devpinoyLogger verify_data_deleted_from_database
07-Aug-2015__09_22_45AM devpinoyLogger Verifying that the record is deleted from the db table or not
07-Aug-2015__09_22_45AM devpinoyLogger Waiting for invisibilty of Ajax Loader
07-Aug-2015__09_22_45AM devpinoyLogger Ajax Loader gone
07-Aug-2015__09_22_55AM devpinoyLogger Running the Prepared Statement
07-Aug-2015__09_22_55AM devpinoyLogger The record was also found to be deleted from the db table - DEPARTMENT
07-Aug-2015__09_22_55AM devpinoyLogger PASS
07-Aug-2015__09_22_55AM devpinoyLogger logoutApplication
07-Aug-2015__09_22_55AM devpinoyLogger Logging out of the Application
07-Aug-2015__09_22_57AM devpinoyLogger PASS
07-Aug-2015__09_23_00AM devpinoyLogger Edit_Department_Test -- N
